[    0.000000] Initializing cgroup subsys cpuset
[    0.000000] Initializing cgroup subsys cpu
[    0.000000] Initializing cgroup subsys cpuacct
[    0.000000] Linux version 4.4.0-154-generic (buildd@lgw01-amd64-049) (gcc version 5.4.0 20160609 (Ubuntu 5.4.0-6ubuntu1~16.04.10) ) #181-Ubuntu SMP Tue Jun 25 05:29:03 UTC 2019 (Ubuntu 4.4.0-154.181-generic 4.4.179)
[    0.000000] Command line: BOOT_IMAGE=/boot/vmlinuz-4.4.0-154-generic root=LABEL=cloudimg-rootfs ro console=tty1 console=ttyS0
[    0.000000] KERNEL supported cpus:
[    0.000000]   Intel GenuineIntel
[    0.000000]   AMD AuthenticAMD
[    0.000000]   Centaur CentaurHauls
[    0.000000] x86/fpu: xstate_offset[2]:  576, xstate_sizes[2]:  256
[    0.000000] x86/fpu: Supporting XSAVE feature 0x01: 'x87 floating point registers'
[    0.000000] x86/fpu: Supporting XSAVE feature 0x02: 'SSE registers'
[    0.000000] x86/fpu: Supporting XSAVE feature 0x04: 'AVX registers'
[    0.000000] x86/fpu: Enabled xstate features 0x7, context size is 832 bytes, using 'standard' format.
[    0.000000] e820: BIOS-provided physical RAM map:
[    0.000000] BIOS-e820: [mem 0x0000000000000000-0x000000000009fbff] usable
[    0.000000] BIOS-e820: [mem 0x000000000009fc00-0x000000000009ffff] reserved
[    0.000000] BIOS-e820: [mem 0x00000000000f0000-0x00000000000fffff] reserved
[    0.000000] BIOS-e820: [mem 0x0000000000100000-0x000000003ffeffff] usable
[    0.000000] BIOS-e820: [mem 0x000000003fff0000-0x000000003fffffff] ACPI data
[    0.000000] BIOS-e820: [mem 0x00000000fec00000-0x00000000fec00fff] reserved
[    0.000000] BIOS-e820: [mem 0x00000000fee00000-0x00000000fee00fff] reserved
[    0.000000] BIOS-e820: [mem 0x00000000fffc0000-0x00000000ffffffff] reserved
[    0.000000] NX (Execute Disable) protection: active
[    0.000000] SMBIOS 2.5 present.
[    0.000000] Hypervisor detected: KVM
[    0.000000] e820: last_pfn = 0x3fff0 max_arch_pfn = 0x400000000
[    0.000000] MTRR: Disabled
[    0.000000] x86/PAT: MTRRs disabled, skipping PAT initialization too.
[    0.000000] CPU MTRRs all blank - virtualized system.
[    0.000000] x86/PAT: Configuration [0-7]: WB  WT  UC- UC  WB  WT  UC- UC  
[    0.000000] found SMP MP-table at [mem 0x0009fff0-0x0009ffff] mapped at [ffff88000009fff0]
[    0.000000] Scanning 1 areas for low memory corruption
[    0.000000] RAMDISK: [mem 0x362f8000-0x37173fff]
[    0.000000] ACPI: Early table checksum verification disabled
[    0.000000] ACPI: RSDP 0x00000000000E0000 000024 (v02 VBOX  )
[    0.000000] ACPI: XSDT 0x000000003FFF0030 00003C (v01 VBOX   VBOXXSDT 00000001 ASL  00000061)
[    0.000000] ACPI: FACP 0x000000003FFF00F0 0000F4 (v04 VBOX   VBOXFACP 00000001 ASL  00000061)
[    0.000000] ACPI: DSDT 0x000000003FFF0470 0022EA (v02 VBOX   VBOXBIOS 00000002 INTL 20100528)
[    0.000000] ACPI: FACS 0x000000003FFF0200 000040
[    0.000000] ACPI: FACS 0x000000003FFF0200 000040
[    0.000000] ACPI: APIC 0x000000003FFF0240 00005C (v02 VBOX   VBOXAPIC 00000001 ASL  00000061)
[    0.000000] ACPI: SSDT 0x000000003FFF02A0 0001CC (v01 VBOX   VBOXCPUT 00000002 INTL 20100528)
[    0.000000] No NUMA configuration found
[    0.000000] Faking a node at [mem 0x0000000000000000-0x000000003ffeffff]
[    0.000000] NODE_DATA(0) allocated [mem 0x3ffeb000-0x3ffeffff]
[    0.000000] kvm-clock: Using msrs 4b564d01 and 4b564d00
[    0.000000] kvm-clock: cpu 0, msr 0:3ffe3001, primary cpu clock
[    0.000000] kvm-clock: using sched offset of 4015236886 cycles
[    0.000000] clocksource: kvm-clock: mask: 0xffffffffffffffff max_cycles: 0x1cd42e4dffb, max_idle_ns: 881590591483 ns
[    0.000000] Zone ranges:
[    0.000000]   DMA      [mem 0x0000000000001000-0x0000000000ffffff]
[    0.000000]   DMA32    [mem 0x0000000001000000-0x000000003ffeffff]
[    0.000000]   Normal   empty
[    0.000000]   Device   empty
[    0.000000] Movable zone start for each node
[    0.000000] Early memory node ranges
[    0.000000]   node   0: [mem 0x0000000000001000-0x000000000009efff]
[    0.000000]   node   0: [mem 0x0000000000100000-0x000000003ffeffff]
[    0.000000] Initmem setup node 0 [mem 0x0000000000001000-0x000000003ffeffff]
[    0.000000] ACPI: PM-Timer IO Port: 0x4008
[    0.000000] IOAPIC[0]: apic_id 2, version 32, address 0xfec00000, GSI 0-23
[    0.000000] ACPI: INT_SRC_OVR (bus 0 bus_irq 0 global_irq 2 dfl dfl)
[    0.000000] ACPI: INT_SRC_OVR (bus 0 bus_irq 9 global_irq 9 low level)
[    0.000000] Using ACPI (MADT) for SMP configuration information
[    0.000000] smpboot: Allowing 2 CPUs, 0 hotplug CPUs
[    0.000000] PM: Registered nosave memory: [mem 0x00000000-0x00000fff]
[    0.000000] PM: Registered nosave memory: [mem 0x0009f000-0x0009ffff]
[    0.000000] PM: Registered nosave memory: [mem 0x000a0000-0x000effff]
[    0.000000] PM: Registered nosave memory: [mem 0x000f0000-0x000fffff]
[    0.000000] e820: [mem 0x40000000-0xfebfffff] available for PCI devices
[    0.000000] Booting paravirtualized kernel on KVM
[    0.000000] clocksource: refined-jiffies: mask: 0xffffffff max_cycles: 0xffffffff, max_idle_ns: 7645519600211568 ns
[    0.000000] setup_percpu: NR_CPUS:512 nr_cpumask_bits:512 nr_cpu_ids:2 nr_node_ids:1
[    0.000000] PERCPU: Embedded 34 pages/cpu @ffff88003fc00000 s99480 r8192 d31592 u1048576
[    0.000000] Built 1 zonelists in Node order, mobility grouping on.  Total pages: 257912
[    0.000000] Policy zone: DMA32
[    0.000000] Kernel command line: BOOT_IMAGE=/boot/vmlinuz-4.4.0-154-generic root=LABEL=cloudimg-rootfs ro console=tty1 console=ttyS0
[    0.000000] PID hash table entries: 4096 (order: 3, 32768 bytes)
[    0.000000] Memory: 997728K/1048120K available (8613K kernel code, 1335K rwdata, 4028K rodata, 1484K init, 1284K bss, 50392K reserved, 0K cma-reserved)
[    0.000000] SLUB: HWalign=64, Order=0-3, MinObjects=0, CPUs=2, Nodes=1
[    0.000000] Kernel/User page tables isolation: enabled
[    0.000000] Hierarchical RCU implementation.
[    0.000000] 	Build-time adjustment of leaf fanout to 64.
[    0.000000] 	RCU restricting CPUs from NR_CPUS=512 to nr_cpu_ids=2.
[    0.000000] RCU: Adjusting geometry for rcu_fanout_leaf=64, nr_cpu_ids=2
[    0.000000] NR_IRQS:33024 nr_irqs:440 16
[    0.000000] Console: colour VGA+ 80x25
[    0.000000] console [tty1] enabled
[    0.000000] console [ttyS0] enabled
[    0.000000] tsc: Detected 3408.000 MHz processor
[    0.175696] Calibrating delay loop (skipped) preset value.. 6816.00 BogoMIPS (lpj=13632000)
[    0.177804] pid_max: default: 32768 minimum: 301
[    0.179019] ACPI: Core revision 20150930
[    0.180705] ACPI: 2 ACPI AML tables successfully acquired and loaded
[    0.182356] Security Framework initialized
[    0.184101] Yama: becoming mindful.
[    0.185135] AppArmor: AppArmor initialized
[    0.186225] Dentry cache hash table entries: 131072 (order: 8, 1048576 bytes)
[    0.189825] Inode-cache hash table entries: 65536 (order: 7, 524288 bytes)
[    0.191620] Mount-cache hash table entries: 2048 (order: 2, 16384 bytes)
[    0.193205] Mountpoint-cache hash table entries: 2048 (order: 2, 16384 bytes)
[    0.195193] Initializing cgroup subsys io
[    0.196222] Initializing cgroup subsys memory
[    0.197313] Initializing cgroup subsys devices
[    0.198417] Initializing cgroup subsys freezer
[    0.199556] Initializing cgroup subsys net_cls
[    0.200663] Initializing cgroup subsys perf_event
[    0.201818] Initializing cgroup subsys net_prio
[    0.202969] Initializing cgroup subsys hugetlb
[    0.204340] Initializing cgroup subsys pids
[    0.206498] mce: CPU supports 0 MCE banks
[    0.207567] Last level iTLB entries: 4KB 128, 2MB 8, 4MB 8
[    0.208885] Last level dTLB entries: 4KB 64, 2MB 0, 4MB 0, 1GB 4
[    0.210304] Spectre V2 : Mitigation: Full generic retpoline
[    0.211865] Spectre V2 : Spectre v2 / SpectreRSB mitigation: Filling RSB on context switch
[    0.213982] Speculative Store Bypass: Vulnerable
[    0.215219] MDS: Vulnerable: Clear CPU buffers attempted, no microcode
[    0.219156] Freeing SMP alternatives memory: 36K
[    0.225698] ftrace: allocating 32299 entries in 127 pages
[    0.276959] smpboot: APIC(0) Converting physical 0 to logical package 0
[    0.278945] smpboot: Max logical packages: 1
[    0.280215] x2apic enabled
[    0.281459] Switched APIC routing to physical x2apic.
[    0.284270] ..TIMER: vector=0x30 apic1=0 pin1=2 apic2=-1 pin2=-1
[    0.391574] smpboot: CPU0: Intel(R) Core(TM) i5-7500 CPU @ 3.40GHz (family: 0x6, model: 0x9e, stepping: 0x9)
[    0.395798] Performance Events: unsupported p6 CPU model 158 no PMU driver, software events only.
[    0.407597] KVM setup paravirtual spinlock
[    0.409437] x86: Booting SMP configuration:
[    0.410499] .... node  #0, CPUs:      #1
[    0.411955] kvm-clock: cpu 1, msr 0:3ffe3041, secondary cpu clock
[    0.414332] mce: CPU supports 0 MCE banks
[    0.417228] x86: Booted up 1 node, 2 CPUs
[    0.418481] smpboot: Total of 2 processors activated (13632.00 BogoMIPS)
[    0.420530] devtmpfs: initialized
[    0.423171] evm: security.selinux
[    0.424405] evm: security.SMACK64
[    0.425289] evm: security.SMACK64EXEC
[    0.426642] evm: security.SMACK64TRANSMUTE
[    0.427945] evm: security.SMACK64MMAP
[    0.428969] evm: security.ima
[    0.429943] evm: security.capability
[    0.431365] clocksource: jiffies: mask: 0xffffffff max_cycles: 0xffffffff, max_idle_ns: 7645041785100000 ns
[    0.434201] futex hash table entries: 512 (order: 3, 32768 bytes)
[    0.436057] pinctrl core: initialized pinctrl subsystem
[    0.437559] RTC time: 11:25:09, date: 07/25/19
[    0.439136] NET: Registered protocol family 16
[    0.451943] cpuidle: using governor ladder
[    0.464460] cpuidle: using governor menu
[    0.466137] PCCT header not found.
[    0.467123] ACPI: bus type PCI registered
[    0.468348] acpiphp: ACPI Hot Plug PCI Controller Driver version: 0.5
[    0.470440] PCI: Using configuration type 1 for base access
[    0.484036] ACPI: Added _OSI(Module Device)
[    0.485144] ACPI: Added _OSI(Processor Device)
[    0.486324] ACPI: Added _OSI(3.0 _SCP Extensions)
[    0.487883] ACPI: Added _OSI(Processor Aggregator Device)
[    0.490471] ACPI: Executed 1 blocks of module-level executable AML code
[    0.494311] ACPI: Interpreter enabled
[    0.495814] ACPI: (supports S0 S5)
[    0.497648] ACPI: Using IOAPIC for interrupt routing
[    0.499190] PCI: Using host bridge windows from ACPI; if necessary, use "pci=nocrs" and report a bug
[    0.506610] ACPI: PCI Root Bridge [PCI0] (domain 0000 [bus 00-ff])
[    0.508363] acpi PNP0A03:00: _OSC: OS supports [ASPM ClockPM Segments MSI]
[    0.510884] acpi PNP0A03:00: _OSC: not requesting OS control; OS requires [ExtendedConfig ASPM ClockPM MSI]
[    0.513510] acpi PNP0A03:00: fail to add MMCONFIG information, can't access extended PCI configuration space under this bridge.
[    0.517479] PCI host bridge to bus 0000:00
[    0.518651] pci_bus 0000:00: root bus resource [io  0x0000-0x0cf7 window]
[    0.520510] pci_bus 0000:00: root bus resource [io  0x0d00-0xffff window]
[    0.522273] pci_bus 0000:00: root bus resource [mem 0x000a0000-0x000bffff window]
[    0.524261] pci_bus 0000:00: root bus resource [mem 0x40000000-0xfdffffff window]
[    0.526342] pci_bus 0000:00: root bus resource [bus 00-ff]
[    0.530862] pci 0000:00:01.1: legacy IDE quirk: reg 0x10: [io  0x01f0-0x01f7]
[    0.533853] pci 0000:00:01.1: legacy IDE quirk: reg 0x14: [io  0x03f6]
[    0.535959] pci 0000:00:01.1: legacy IDE quirk: reg 0x18: [io  0x0170-0x0177]
[    0.537686] pci 0000:00:01.1: legacy IDE quirk: reg 0x1c: [io  0x0376]
[    0.554010] pci 0000:00:07.0: quirk: [io  0x4000-0x403f] claimed by PIIX4 ACPI
[    0.563944] pci 0000:00:07.0: quirk: [io  0x4100-0x410f] claimed by PIIX4 SMB
[    0.570763] ACPI: PCI Interrupt Link [LNKA] (IRQs 5 9 10 *11)
[    0.573199] ACPI: PCI Interrupt Link [LNKB] (IRQs 5 9 *10 11)
[    0.575110] ACPI: PCI Interrupt Link [LNKC] (IRQs 5 *9 10 11)
[    0.577523] ACPI: PCI Interrupt Link [LNKD] (IRQs 5 9 10 *11)
[    0.579733] ACPI: Enabled 2 GPEs in block 00 to 07
[    0.581351] vgaarb: setting as boot device: PCI:0000:00:02.0
[    0.582987] vgaarb: device added: PCI:0000:00:02.0,decodes=io+mem,owns=io+mem,locks=none
[    0.585366] vgaarb: loaded
[    0.586256] vgaarb: bridge control possible 0000:00:02.0
[    0.587793] SCSI subsystem initialized
[    0.589330] ACPI: bus type USB registered
[    0.590668] usbcore: registered new interface driver usbfs
[    0.592293] usbcore: registered new interface driver hub
[    0.593595] usbcore: registered new device driver usb
[    0.595026] PCI: Using ACPI for IRQ routing
[    0.596466] NetLabel: Initializing
[    0.597365] NetLabel:  domain hash size = 128
[    0.598594] NetLabel:  protocols = UNLABELED CIPSOv4
[    0.601307] NetLabel:  unlabeled traffic allowed by default
[    0.603312] amd_nb: Cannot enumerate AMD northbridges
[    0.605060] clocksource: Switched to clocksource kvm-clock
[    0.613150] AppArmor: AppArmor Filesystem Enabled
[    0.614691] pnp: PnP ACPI init
[    0.616566] pnp: PnP ACPI: found 3 devices
[    0.627569] clocksource: acpi_pm: mask: 0xffffff max_cycles: 0xffffff, max_idle_ns: 2085701024 ns
[    0.629904] NET: Registered protocol family 2
[    0.631095] TCP established hash table entries: 8192 (order: 4, 65536 bytes)
[    0.633788] TCP bind hash table entries: 8192 (order: 5, 131072 bytes)
[    0.635411] TCP: Hash tables configured (established 8192 bind 8192)
[    0.637570] UDP hash table entries: 512 (order: 2, 16384 bytes)
[    0.639108] UDP-Lite hash table entries: 512 (order: 2, 16384 bytes)
[    0.640648] NET: Registered protocol family 1
[    0.641817] pci 0000:00:00.0: Limiting direct PCI/PCI transfers
[    0.643300] pci 0000:00:01.0: Activating ISA DMA hang workarounds
[    0.645041] Unpacking initramfs...
[    0.828917] Freeing initrd memory: 14832K
[    0.830293] clocksource: tsc: mask: 0xffffffffffffffff max_cycles: 0x311fd3cd494, max_idle_ns: 440795223879 ns
[    0.832856] platform rtc_cmos: registered platform RTC device (no PNP device found)
[    0.835185] Scanning for low memory corruption every 60 seconds
[    0.837056] audit: initializing netlink subsys (disabled)
[    0.838547] audit: type=2000 audit(1564053915.138:1): initialized
[    0.840206] Initialise system trusted keyring
[    0.841680] HugeTLB registered 2 MB page size, pre-allocated 0 pages
[    0.844610] zbud: loaded
[    0.845711] VFS: Disk quotas dquot_6.6.0
[    0.846780] VFS: Dquot-cache hash table entries: 512 (order 0, 4096 bytes)
[    0.848622] squashfs: version 4.0 (2009/01/31) Phillip Lougher
[    0.850385] fuse init (API version 7.23)
[    0.851782] Key type big_key registered
[    0.853162] Allocating IMA MOK and blacklist keyrings.
[    0.856803] Key type asymmetric registered
[    0.857951] Asymmetric key parser 'x509' registered
[    0.860001] Block layer SCSI generic (bsg) driver version 0.4 loaded (major 249)
[    0.862554] io scheduler noop registered
[    0.863614] io scheduler deadline registered (default)
[    0.864904] io scheduler cfq registered
[    0.866010] pci_hotplug: PCI Hot Plug PCI Core version: 0.5
[    0.867365] pciehp: PCI Express Hot Plug Controller Driver version: 0.4
[    0.869290] ACPI: AC Adapter [AC] (on-line)
[    0.870390] input: Power Button as /devices/LNXSYSTM:00/LNXPWRBN:00/input/input0
[    0.872332] ACPI: Power Button [PWRF]
[    0.873382] input: Sleep Button as /devices/LNXSYSTM:00/LNXSLPBN:00/input/input1
[    0.875252] ACPI: Sleep Button [SLPF]
[    0.876378] GHES: HEST is not enabled!
[    0.877486] Serial: 8250/16550 driver, 32 ports, IRQ sharing enabled
[    0.899630] 00:02: ttyS0 at I/O 0x3f8 (irq = 4, base_baud = 115200) is a 16550A
[    0.903108] Linux agpgart interface v0.103
[    0.906287] loop: module loaded
[    0.907882] scsi host0: ata_piix
[    0.909117] scsi host1: ata_piix
[    0.910035] ata1: PATA max UDMA/33 cmd 0x1f0 ctl 0x3f6 bmdma 0xd000 irq 14
[    0.911647] ata2: PATA max UDMA/33 cmd 0x170 ctl 0x376 bmdma 0xd008 irq 15
[    0.913426] libphy: Fixed MDIO Bus: probed
[    0.914750] tun: Universal TUN/TAP device driver, 1.6
[    0.916346] tun: (C) 1999-2004 Max Krasnyansky <maxk@qualcomm.com>
[    0.918127] PPP generic driver version 2.4.2
[    0.919288] ehci_hcd: USB 2.0 'Enhanced' Host Controller (EHCI) Driver
[    0.920838] ehci-pci: EHCI PCI platform driver
[    0.922009] ehci-platform: EHCI generic platform driver
[    0.923334] ohci_hcd: USB 1.1 'Open' Host Controller (OHCI) Driver
[    0.924806] ohci-pci: OHCI PCI platform driver
[    0.926055] ohci-platform: OHCI generic platform driver
[    0.927337] uhci_hcd: USB Universal Host Controller Interface driver
[    0.928883] i8042: PNP: PS/2 Controller [PNP0303:PS2K,PNP0f03:PS2M] at 0x60,0x64 irq 1,12
[    0.931383] serio: i8042 KBD port at 0x60,0x64 irq 1
[    0.932767] serio: i8042 AUX port at 0x60,0x64 irq 12
[    0.934387] mousedev: PS/2 mouse device common for all mice
[    0.936435] rtc_cmos rtc_cmos: rtc core: registered rtc_cmos as rtc0
[    0.938344] rtc_cmos rtc_cmos: alarms up to one day, 114 bytes nvram
[    0.939935] i2c /dev entries driver
[    0.941323] input: AT Translated Set 2 keyboard as /devices/platform/i8042/serio0/input/input2
[    0.943914] device-mapper: uevent: version 1.0.3
[    0.945301] device-mapper: ioctl: 4.34.0-ioctl (2015-10-28) initialised: dm-devel@redhat.com
[    0.947431] ledtrig-cpu: registered to indicate activity on CPUs
[    0.949498] NET: Registered protocol family 10
[    0.950825] NET: Registered protocol family 17
[    0.951949] Key type dns_resolver registered
[    0.953196] registered taskstats version 1
[    0.954401] Loading compiled-in X.509 certificates
[    0.956443] Loaded X.509 cert 'Build time autogenerated kernel key: 65139e04a67245b562a838c28b5e7032abdd4348'
[    0.958878] zswap: loaded using pool lzo/zbud
[    0.961693] Key type trusted registered
[    0.965870] Key type encrypted registered
[    0.967059] AppArmor: AppArmor sha1 policy hashing enabled
[    0.968536] ima: No TPM chip found, activating TPM-bypass!
[    0.969923] ima: Allocated hash algorithm: sha1
[    0.971068] evm: HMAC attrs: 0x1
[    0.972466]   Magic number: 11:425:429
[    0.973925] rtc_cmos rtc_cmos: setting system clock to 2019-07-25 11:25:09 UTC (1564053909)
[    0.976158] BIOS EDD facility v0.16 2004-Jun-25, 0 devices found
[    0.977814] EDD information not available.
[    1.070805] Freeing unused kernel memory: 1484K
[    1.072699] Write protecting the kernel read-only data: 14336k
[    1.074494] Freeing unused kernel memory: 1616K
[    1.075748] Freeing unused kernel memory: 68K
Loading, please wait...
starting version 229
[    1.089059] random: systemd-udevd: uninitialized urandom read (16 bytes read, 3 bits of entropy available)
[    1.089558] random: udevadm: uninitialized urandom read (16 bytes read, 3 bits of entropy available)
[    1.089574] random: udevadm: uninitialized urandom read (16 bytes read, 3 bits of entropy available)
[    1.095157] random: udevadm: uninitialized urandom read (16 bytes read, 3 bits of entropy available)
[    1.095188] random: udevadm: uninitialized urandom read (16 bytes read, 3 bits of entropy available)
[    1.095284] random: udevadm: uninitialized urandom read (16 bytes read, 3 bits of entropy available)
[    1.095319] random: udevadm: uninitialized urandom read (16 bytes read, 3 bits of entropy available)
[    1.095352] random: udevadm: uninitialized urandom read (16 bytes read, 3 bits of entropy available)
[    1.095388] random: udevadm: uninitialized urandom read (16 bytes read, 3 bits of entropy available)
[    1.095421] random: udevadm: uninitialized urandom read (16 bytes read, 3 bits of entropy available)
[    1.137525] Fusion MPT base driver 3.04.20
[    1.139416] Copyright (c) 1999-2008 LSI Corporation
[    1.140861] e1000: Intel(R) PRO/1000 Network Driver - version 7.3.21-k8-NAPI
[    1.142717] e1000: Copyright (c) 1999-2006 Intel Corporation.
[    1.155428] AVX2 version of gcm_enc/dec engaged.
[    1.156897] AES CTR mode by8 optimization enabled
[    1.158954] Fusion MPT SPI Host driver 3.04.20
[    1.378131] input: ImExPS/2 Generic Explorer Mouse as /devices/platform/i8042/serio1/input/input4
[    1.555615] e1000 0000:00:03.0 eth0: (PCI:33MHz:32-bit) 02:cf:25:3b:33:74
[    1.558732] e1000 0000:00:03.0 eth0: Intel(R) PRO/1000 Network Connection
[    1.561891] mptbase: ioc0: Initiating bringup
[    1.561954] e1000 0000:00:03.0 enp0s3: renamed from eth0
[    1.633493] ioc0: LSI53C1030 A0: Capabilities={Initiator}
[    1.796469] scsi host2: ioc0: LSI53C1030 A0, FwRev=00000000h, Ports=1, MaxQ=256, IRQ=20
[    1.926301] scsi 2:0:0:0: Direct-Access     VBOX     HARDDISK         1.0  PQ: 0 ANSI: 5
[    1.928531] scsi target2:0:0: Beginning Domain Validation
[    1.932309] scsi target2:0:0: Domain Validation skipping write tests
[    1.933926] scsi target2:0:0: Ending Domain Validation
[    1.935298] scsi target2:0:0: asynchronous
[    1.937260] scsi 2:0:1:0: Direct-Access     VBOX     HARDDISK         1.0  PQ: 0 ANSI: 5
[    1.939743] scsi target2:0:1: Beginning Domain Validation
[    1.943406] scsi target2:0:1: Domain Validation skipping write tests
[    1.944959] scsi target2:0:1: Ending Domain Validation
[    1.946310] scsi target2:0:1: asynchronous
[    1.952459] sd 2:0:0:0: Attached scsi generic sg0 type 0
[    1.954002] sd 2:0:1:0: Attached scsi generic sg1 type 0
[    1.954205] sd 2:0:0:0: [sda] 20971520 512-byte logical blocks: (10.7 GB/10.0 GiB)
[    1.954257] sd 2:0:1:0: [sdb] 20480 512-byte logical blocks: (10.5 MB/10.0 MiB)
[    1.954296] sd 2:0:0:0: [sda] Write Protect is off
[    1.954337] sd 2:0:0:0: [sda] Incomplete mode parameter data
[    1.954338] sd 2:0:0:0: [sda] Assuming drive cache: write through
[    1.954371] sd 2:0:1:0: [sdb] Write Protect is off
[    1.954477] sd 2:0:1:0: [sdb] Incomplete mode parameter data
[    1.954478] sd 2:0:1:0: [sdb] Assuming drive cache: write through
[    1.973918]  sda: sda1
[    1.974696] sd 2:0:0:0: [sda] Attached SCSI disk
[    1.980044] sd 2:0:1:0: [sdb] Attached SCSI disk
Begin: Loading essential drivers ... [    3.290767] md: linear personality registered for level -1
[    3.294999] md: multipath personality registered for level -4
[    3.298822] md: raid0 personality registered for level 0
[    3.303429] md: raid1 personality registered for level 1
[    3.373303] raid6: sse2x1   gen() 13019 MB/s
[    3.441440] raid6: sse2x1   xor()  9634 MB/s
[    3.509647] raid6: sse2x2   gen() 16057 MB/s
[    3.577284] raid6: sse2x2   xor() 10978 MB/s
[    3.645527] raid6: sse2x4   gen() 18307 MB/s
[    3.713070] raid6: sse2x4   xor() 12198 MB/s
[    3.781453] raid6: avx2x1   gen() 22576 MB/s
[    3.849281] raid6: avx2x2   gen() 28969 MB/s
[    3.917302] raid6: avx2x4   gen() 32999 MB/s
[    3.918833] raid6: using algorithm avx2x4 gen() 32999 MB/s
[    3.920165] raid6: using avx2x2 recovery algorithm
[    3.922805] xor: automatically using best checksumming function:
[    3.961258]    avx       : 33175.000 MB/sec
[    3.964242] async_tx: api initialized (async)
[    3.974210] md: raid6 personality registered for level 6
[    3.975819] md: raid5 personality registered for level 5
[    3.977254] md: raid4 personality registered for level 4
[    3.984081] md: raid10 personality registered for level 10
done.
Begin: Running /scripts/init-premount ... done.
Begin: Mounting root file system ... Begin: Running /scripts/local-top ... done.
Begin: Running /scripts/local-premount ... [    4.009753] Btrfs loaded
Scanning for Btrfs filesystems
done.
Warning: fsck not present, so skipping root file system
[    4.037776] EXT4-fs (sda1): INFO: recovery required on readonly filesystem
[    4.039418] EXT4-fs (sda1): write access will be enabled during recovery
[    4.271072] EXT4-fs (sda1): recovery complete
[    4.272890] EXT4-fs (sda1): mounted filesystem with ordered data mode. Opts: (null)
done.
Begin: Running /scripts/local-bottom ... done.
Begin: Running /scripts/init-bottom ... done.
[    4.645598] random: nonblocking pool is initialized
[    4.682471] systemd[1]: systemd 229 running in system mode. (+PAM +AUDIT +SELINUX +IMA +APPARMOR +SMACK +SYSVINIT +UTMP +LIBCRYPTSETUP +GCRYPT +GNUTLS +ACL +XZ -LZ4 +SECCOMP +BLKID +ELFUTILS +KMOD -IDN)
[    4.687128] systemd[1]: Detected virtualization oracle.
[    4.688731] systemd[1]: Detected architecture x86-64.

Welcome to [1mUbuntu 16.04.6 LTS[0m!

[    4.717312] systemd[1]: Set hostname to <ubuntu-xenial>.
[    5.216130] systemd[1]: Started Trigger resolvconf update for networkd DNS.
[[0;32m  OK  [0m] Started Trigger resolvconf update for networkd DNS.
[    5.225927] systemd[1]: Listening on Journal Audit Socket.
[[0;32m  OK  [0m] Listening on Journal Audit Socket.
[    5.228961] systemd[1]: Listening on udev Kernel Socket.
[[0;32m  OK  [0m] Listening on udev Kernel Socket.
[    5.231960] systemd[1]: Reached target System Time Synchronized.
[[0;32m  OK  [0m] Reached target System Time Synchronized.
[    5.235033] systemd[1]: Listening on LVM2 metadata daemon socket.
[[0;32m  OK  [0m] Listening on LVM2 metadata daemon socket.
[    5.238183] systemd[1]: Created slice System Slice.
[[0;32m  OK  [0m] Created slice System Slice.
[    5.240981] systemd[1]: Reached target Swap.
[[0;32m  OK  [0m] Reached target Swap.
[    5.243932] systemd[1]: Listening on /dev/initctl Compatibility Named Pipe.
[[0;32m  OK  [0m] Listening on /dev/initctl Compatibility Named Pipe.
[    5.247399] systemd[1]: Listening on Syslog Socket.
[[0;32m  OK  [0m] Listening on Syslog Socket.
[    5.249845] systemd[1]: Reached target Encrypted Volumes.
[[0;32m  OK  [0m] Reached target Encrypted Volumes.
[    5.252557] systemd[1]: Set up automount Arbitrary Executable File Formats File System Automount Point.
[[0;32m  OK  [0m] Set up automount Arbitrary Executab...ats File System Automount Point.
[    5.262058] systemd[1]: Created slice User and Session Slice.
[[0;32m  OK  [0m] Created slice User and Session Slice.
[    5.265150] systemd[1]: Reached target Slices.
[[0;32m  OK  [0m] Reached target Slices.
[    5.267393] systemd[1]: Listening on Device-mapper event daemon FIFOs.
[[0;32m  OK  [0m] Listening on Device-mapper event daemon FIFOs.
[    5.270206] systemd[1]: Started Forward Password Requests to Wall Directory Watch.
[[0;32m  OK  [0m] Started Forward Password Requests to Wall Directory Watch.
[    5.274327] systemd[1]: Reached target User and Group Name Lookups.
[[0;32m  OK  [0m] Reached target User and Group Name Lookups.
[    5.277381] systemd[1]: Listening on Journal Socket (/dev/log).
[[0;32m  OK  [0m] Listening on Journal Socket (/dev/log).
[    5.280389] systemd[1]: Created slice system-serial\x2dgetty.slice.
[[0;32m  OK  [0m] Created slice system-serial\x2dgetty.slice.
[    5.283982] systemd[1]: Listening on LVM2 poll daemon socket.
[[0;32m  OK  [0m] Listening on LVM2 poll daemon socket.
[    5.286827] systemd[1]: Listening on Journal Socket.
[[0;32m  OK  [0m] Listening on Journal Socket.
[    5.301528] systemd[1]: Mounting POSIX Message Queue File System...
         Mounting POSIX Message Queue File System...
[    5.310389] systemd[1]: Starting Set console keymap...
         Starting Set console keymap...
[    5.349438] systemd[1]: Starting Load Kernel Modules...
         Starting Load Kernel Modules...
[    5.358505] systemd[1]: Mounting Debug File System...
         Mounting Debug File System...
[    5.362004] systemd[1]: Mounting Huge Pages File System...
         Mounting Huge Pages File System...
[    5.371960] systemd[1]: Starting Monitoring of LVM2 mirrors, snapshots etc. using dmeventd or progress polling...
         Starting Monitoring of LVM2 mirrors... dmeventd or progress polling...
[    5.377452] systemd[1]: Starting Uncomplicated firewall...
         Starting Uncomplicated firewall...
[    5.381937] systemd[1]: Starting Nameserver information manager...
         Starting Nameserver information manager...
[    5.429431] systemd[1]: Starting Journal Service...
         Starting Journal Service...
[    5.439880] systemd[1]: Starting Create list of required static device nodes for the current kernel...
         Starting Create list of required st... nodes for the current kernel...
[    5.445026] Loading iSCSI transport class v2.0-870.
[    5.450350] systemd[1]: Starting Remount Root and Kernel File Systems...
         Starting Remount Root and Kernel File Systems...
[    5.454744] systemd[1]: Listening on udev Control Socket.
[[0;32m  OK  [0m] Listening on udev Control Socket.
[    5.478663] systemd[1]: Mounted POSIX Message Queue File System.
[[0;32m  OK  [0m] Mounted POSIX Message Queue File System.
[    5.485507] EXT4-fs (sda1): re-mounted. Opts: (null)
[    5.489607] systemd[1]: Mounted Debug File System.
[[0;32m  OK  [0m] Mounted Debug File System.
[    5.497398] systemd[1]: Mounted Huge Pages File System.
[[0;32m  OK  [0m] Mounted Huge Pages File System.
[    5.501164] systemd[1]: Started Uncomplicated firewall.
[[0;32m  OK  [0m] Started Uncomplicated firewall.
[    5.504826] systemd[1]: Started Remount Root and Kernel File Systems.
[[0;32m  OK  [0m] Started Remount Root and Kernel File Systems.
[    5.521565] systemd[1]: Started Create list of required static device nodes for the current kernel.
[[0;32m  OK  [0m] Started Create list of required sta...ce nodes for the current kernel.
[    5.526691] iscsi: registered transport (tcp)
[    5.549668] systemd[1]: Started Nameserver information manager.
[[0;32m  OK  [0m] Started Nameserver information manager.
[    5.553494] systemd[1]: Started Set console keymap.
[[0;32m  OK  [0m] Started Set console keymap.
[    5.564704] systemd[1]: Starting Create Static Device Nodes in /dev...
         Starting Create Static Device Nodes in /dev...
[    5.613939] systemd[1]: Starting udev Coldplug all Devices...
         Starting udev Coldplug all Devices...
[    5.617802] systemd[1]: Starting Load/Save Random Seed...
         Starting Load/Save Random Seed...
[    5.637362] systemd[1]: Started LVM2 metadata daemon.
[[0;32m  OK  [0m] Started LVM2 metadata daemon.
[    5.660304] systemd[1]: Started Load/Save Random Seed.
[[0;32m  OK  [0m] Started Load/Save Random Seed.
[    5.663252] systemd[1]: Started Journal Service.
[[0;32m  OK  [0m] Started Journal Service.
         Starting Flush Journal to Persistent Storage...
[    5.675427] iscsi: registered transport (iser)
[[0;32m  OK  [0m] Started udev Coldplug all Devices.
[[0;32m  OK  [0m] Started Load Kernel Modules.
         Starting Apply Kernel Variables...
         Mounting FUSE Control File System...
[[0;32m  OK  [0m] Mounted FUSE Control File System.
[    5.750341] systemd-journald[390]: Received request to flush runtime journal from PID 1
[[0;32m  OK  [0m] Started Flush Journal to Persistent Storage.
[[0;32m  OK  [0m] Started Apply Kernel Variables.
[[0;32m  OK  [0m] Started Create Static Device Nodes in /dev.
         Starting udev Kernel Device Manager...
[[0;32m  OK  [0m] Started Monitoring of LVM2 mirrors,...ng dmeventd or progress polling.
[[0;32m  OK  [0m] Reached target Local File Systems (Pre).
[[0;32m  OK  [0m] Reached target Local File Systems.
         Starting Create Volatile Files and Directories...
         Starting Tell Plymouth To Write Out Runtime Data...
         Starting Set console font and keymap...
         Starting Initial cloud-init job (pre-networking)...
         Starting LSB: AppArmor initialization...
[[0;32m  OK  [0m] Started Tell Plymouth To Write Out Runtime Data.
[[0;32m  OK  [0m] Started Create Volatile Files and Directories.
         Starting Update UTMP about System Boot/Shutdown...
[[0;32m  OK  [0m] Started udev Kernel Device Manager.
[[0;32m  OK  [0m] Started Dispatch Password Requests to Console Directory Watch.
[[0;32m  OK  [0m] Started Update UTMP about System Boot/Shutdown.
[[0;32m  OK  [0m] Found device /dev/ttyS0.
[[0;32m  OK  [0m] Listening on Load/Save RF Kill Switch Status /dev/rfkill Watch.
[[0;32m  OK  [0m] Found device 82540EM Gigabit Ethern...r (PRO/1000 MT Desktop Adapter).
[[0;32m  OK  [0m] Started Set console font and keymap.
[[0;32m  OK  [0m] Created slice system-getty.slice.
[[0;32m  OK  [0m] Started LSB: AppArmor initialization.
[    8.307124] cloud-init[472]: Cloud-init v. 19.1-1-gbaa47854-0ubuntu1~16.04.1 running 'init-local' at Thu, 25 Jul 2019 11:25:16 +0000. Up 7.96 seconds.
[[0;32m  OK  [0m] Started Initial cloud-init job (pre-networking).
[[0;32m  OK  [0m] Reached target Network (Pre).
         Starting Raise network interfaces...
[[0;32m  OK  [0m] Started ifup for enp0s3.
[[0;32m  OK  [0m] Started Raise network interfaces.
         Starting Initial cloud-init job (metadata service crawler)...
[[0;32m  OK  [0m] Reached target Network.
[    9.106817] cloud-init[976]: Cloud-init v. 19.1-1-gbaa47854-0ubuntu1~16.04.1 running 'init' at Thu, 25 Jul 2019 11:25:17 +0000. Up 8.74 seconds.
[    9.108507] cloud-init[976]: ci-info: ++++++++++++++++++++++++++++++++++++++Net device info++++++++++++++++++++++++++++++++++++++
[    9.109905] cloud-init[976]: ci-info: +--------+------+----------------------------+---------------+--------+-------------------+
[    9.112538] cloud-init[976]: ci-info: | Device |  Up  |          Address           |      Mask     | Scope  |     Hw-Address    |
[    9.116729] cloud-init[976]: ci-info: +--------+------+----------------------------+---------------+--------+-------------------+
[    9.124631] cloud-init[976]: ci-info: | enp0s3 | True |         10.0.2.15          | 255.255.255.0 | global | 02:cf:25:3b:33:74 |
[    9.126916] cloud-init[976]: ci-info: | enp0s3 | True | fe80::cf:25ff:fe3b:3374/64 |       .       |  link  | 02:cf:25:3b:33:74 |
[    9.129510] cloud-init[976]: ci-info: |   lo   | True |         127.0.0.1          |   255.0.0.0   |  host  |         .         |
[    9.132773] cloud-init[976]: ci-info: |   lo   | True |          ::1/128           |       .       |  host  |         .         |
[    9.134164] cloud-init[976]: ci-info: +--------+------+----------------------------+---------------+--------+-------------------+
[    9.140964] cloud-init[976]: ci-info: +++++++++++++++++++++++++++Route IPv4 info++++++++++++++++++++++++++++
[    9.142308] cloud-init[976]: ci-info: +-------+-------------+----------+---------------+-----------+-------+
[    9.148871] cloud-init[976]: ci-info: | Route | Destination | Gateway  |    Genmask    | Interface | Flags |
[    9.156386] cloud-init[976]: ci-info: +-------+-------------+----------+---------------+-----------+-------+
[    9.164426] [[0;32m  OK  [0m] Started Initial cloud-init job (metadata service crawler).
cloud-init[976]: ci-info: |   0   |   0.0.0.0   | 10.0.2.2 |    0.0.0.0    |   enp0s3  |   UG  |
[    9.166698] [[0;32m  OK  [0m] Reached target System Initialization.
[[0;32m  OK  [0m] Listening on ACPID Listen Socket.
cloud-init[976]: ci-info: |   1   |   10.0.2.0  | 0.0.0.0  | 255.255.255.0 |   enp0s3  |   U   |
[    9.176461]          Starting LXD - unix socket.
[[0;32m  OK  [0m] Started Daily Cleanup of Temporary Directories.
[[0;32m  OK  [0m] Listening on UUID daemon activation socket.
cloud-init[976]: ci-info: +-------+-------------+----------+---------------+-----------+-------+
[    9.188847] cloud-init[976]: ci-info: +++++++++++++++++++Route IPv6 info+++++++++++++++++++
[    9.190638] cloud-init[976]: ci-info: +-------+-------------+---------+-----------+-------+
[    9.196768] cloud-init[976]: ci-info: | Route | Destination | Gateway | Interface | Flags |
[    9.198333] cloud-init[976]: ci-info: +-------+-------------+---------+-----------+-------+
[    9.204866] cloud-init[976]: ci-info: |   0   |  fe80::/64  |    ::   |   enp0s3  |   U   |
[    9.206251] cloud-init[976]: ci-info: |   3   |   ff00::/8  |    ::   |   enp0s3  |   U   |
[    9.207470] cloud-init[976]: ci-info: +-------+-------------+---------+-----------+-------+
[[0;32m  OK  [0m] Started Daily apt download activities.
[[0;32m  OK  [0m] Started Daily apt upgrade and clean activities.
         Starting Socket activation for snappy daemon.
[[0;32m  OK  [0m] Started ACPI Events Check.
[[0;32m  OK  [0m] Reached target Paths.
[[0;32m  OK  [0m] Listening on D-Bus System Message Bus Socket.
[[0;32m  OK  [0m] Reached target Timers.
[[0;32m  OK  [0m] Reached target Cloud-config availability.
[[0;32m  OK  [0m] Reached target Network is Online.
         Starting iSCSI initiator daemon (iscsid)...
[[0;32m  OK  [0m] Listening on LXD - unix socket.
[[0;32m  OK  [0m] Listening on Socket activation for snappy daemon.
[[0;32m  OK  [0m] Reached target Sockets.
[[0;32m  OK  [0m] Reached target Basic System.
         Starting LXD - container startup/shutdown...
[[0;32m  OK  [0m] Started FUSE filesystem for LXC.
         Starting /etc/rc.local Compatibility...
[[0;32m  OK  [0m] Started D-Bus System Message Bus.
[[0;32m  OK  [0m] Started ACPI event daemon.
         Starting LSB: Record successful boot for GRUB...
[[0;32m  OK  [0m] Started Deferred execution scheduler.
         Starting Login Service...
         Starting System Logging Service...
         Starting Virtualbox guest utils...
         Starting Snappy daemon...
[[0;32m  OK  [0m] Started Regular background program processing daemon.
         Starting OpenBSD Secure Shell server...
         Starting LSB: MD monitoring daemon...
         Starting Accounts Service...
[[0;32m  OK  [0m] Started /etc/rc.local Compatibility.
[[0;32m  OK  [0m] Started Login Service.
[[0;32m  OK  [0m] Started Unattended Upgrades Shutdown.
[[0;32m  OK  [0m] Started iSCSI initiator daemon (iscsid).
         Starting Login to default iSCSI targets...
[[0;32m  OK  [0m] Started LSB: Record successful boot for GRUB.
[[0;32m  OK  [0m] Started LSB: MD monitoring daemon.
[[0;32m  OK  [0m] Started System Logging Service.
[[0;32m  OK  [0m] Started Login to default iSCSI targets.
[[0;32m  OK  [0m] Reached target Remote File Systems (Pre).
[[0;32m  OK  [0m] Reached target Remote File Systems.
         Starting Permit User Sessions...
         Starting LSB: Set the CPU Frequency Scaling governor to "ondemand"...
         Starting LSB: automatic crash report generation...
         Starting LSB: daemon to balance interrupts for SMP systems...
[[0;32m  OK  [0m] Started LSB: Set the CPU Frequency Scaling governor to "ondemand".
[[0;32m  OK  [0m] Started Permit User Sessions.
         Starting Terminate Plymouth Boot Screen...
         Starting Hold until boot process finishes up...
[[0;32m  OK  [0m] Started Hold until boot process finishes up.
[[0;32m  OK  [0m] Started Terminate Plymouth Boot Screen.
         Starting Set console scheme...
[[0;32m  OK  [0m] Started Getty on tty1.
[[0;32m  OK  [0m] Started Serial Getty on ttyS0.
[[0;32m  OK  [0m] Reached target Login Prompts.
[[0;32m  OK  [0m] Started Set console scheme.
[[0;32m  OK  [0m] Started LSB: daemon to balance interrupts for SMP systems.
[[0;32m  OK  [0m] Started LSB: automatic crash report generation.
[[0;32m  OK  [0m] Started Virtualbox guest utils.
[[0;32m  OK  [0m] Started OpenBSD Secure Shell server.
         Starting Authenticate and Authorize Users to Run Privileged Tasks...
[[0;32m  OK  [0m] Started Authenticate and Authorize Users to Run Privileged Tasks.
[[0;32m  OK  [0m] Started Accounts Service.
[[0;32m  OK  [0m] Started LXD - container startup/shutdown.
[[0;32m  OK  [0m] Started Snappy daemon.
         Starting Wait until snapd is fully seeded...
[[0;32m  OK  [0m] Started Wait until snapd is fully seeded.
         Starting Apply the settings specified in cloud-config...
[[0;32m  OK  [0m] Reached target Multi-User System.
[[0;32m  OK  [0m] Reached target Graphical Interface.
         Starting Update UTMP about System Runlevel Changes...
[[0;32m  OK  [0m] Started Update UTMP about System Runlevel Changes.
[[0;32m  OK  [0m] Created slice User Slice of vagrant.
         Starting User Manager for UID 1000...
[[0;32m  OK  [0m] Started Session 1 of user vagrant.
[[0;32m  OK  [0m] Started User Manager for UID 1000.
[   12.020577] cloud-init[1230]: Cloud-init v. 19.1-1-gbaa47854-0ubuntu1~16.04.1 running 'modules:config' at Thu, 25 Jul 2019 11:25:20 +0000. Up 11.88 seconds.
[[0;32m  OK  [0m] Started Apply the settings specified in cloud-config.
         Starting Execute cloud user/final scripts...
[   12.392240] cloud-init[1264]: Cloud-init v. 19.1-1-gbaa47854-0ubuntu1~16.04.1 running 'modules:final' at Thu, 25 Jul 2019 11:25:21 +0000. Up 12.29 seconds.
[   12.400904] cloud-init[1264]: Cloud-init v. 19.1-1-gbaa47854-0ubuntu1~16.04.1 finished at Thu, 25 Jul 2019 11:25:21 +0000. Datasource DataSourceNoCloud [seed=/dev/sdb][dsmode=net].  Up 12.38 seconds
[[0;32m  OK  [0m] Started Execute cloud user/final scripts.
         Starting Daily apt download activities...
[[0;32m  OK  [0m] Reached target Cloud-init target.
         Stopping User Manager for UID 1000...
[[0;32m  OK  [0m] Stopped User Manager for UID 1000.
[[0;32m  OK  [0m] Removed slice User Slice of vagrant.

Ubuntu 16.04.6 LTS ubuntu-xenial ttyS0

ubuntu-xenial login: 